Flow report for robot_line_follower_fsm
Tue May 12 02:12:00 2026
Quartus Prime Version 18.1.0 Build 625 09/12/2018 SJ Lite Edition


---------------------
; Table of Contents ;
---------------------
  1. Legal Notice
  2. Flow Summary
  3. Flow Settings
  4. Flow Non-Default Global Settings
  5. Flow Elapsed Time
  6. Flow OS Summary
  7. Flow Log
  8. Flow Messages
  9. Flow Suppressed Messages



----------------
; Legal Notice ;
----------------
Copyright (C) 2018  Intel Corporation. All rights reserved.
Your use of Intel Corporation's design tools, logic functions 
and other software and tools, and its AMPP partner logic 
functions, and any output files from any of the foregoing 
(including device programming or simulation files), and any 
associated documentation or information are expressly subject 
to the terms and conditions of the Intel Program License 
Subscription Agreement, the Intel Quartus Prime License Agreement,
the Intel FPGA IP License Agreement, or other applicable license
agreement, including, without limitation, that your use is for
the sole purpose of programming logic devices manufactured by
Intel and sold by Intel or its authorized distributors.  Please
refer to the applicable agreement for further details.



+----------------------------------------------------------------------------------+
; Flow Summary                                                                     ;
+------------------------------------+---------------------------------------------+
; Flow Status                        ; Successful - Tue May 12 02:11:52 2026       ;
; Quartus Prime Version              ; 18.1.0 Build 625 09/12/2018 SJ Lite Edition ;
; Revision Name                      ; robot_line_follower_fsm                     ;
; Top-level Entity Name              ; block_diagram_V1                            ;
; Family                             ; MAX 10                                      ;
; Device                             ; 10M50DAF484C7G                              ;
; Timing Models                      ; Final                                       ;
; Total logic elements               ; 13 / 49,760 ( < 1 % )                       ;
;     Total combinational functions  ; 13 / 49,760 ( < 1 % )                       ;
;     Dedicated logic registers      ; 4 / 49,760 ( < 1 % )                        ;
; Total registers                    ; 4                                           ;
; Total pins                         ; 10 / 360 ( 3 % )                            ;
; Total virtual pins                 ; 0                                           ;
; Total memory bits                  ; 0 / 1,677,312 ( 0 % )                       ;
; Embedded Multiplier 9-bit elements ; 0 / 288 ( 0 % )                             ;
; Total PLLs                         ; 0 / 4 ( 0 % )                               ;
; UFM blocks                         ; 0 / 1 ( 0 % )                               ;
; ADC blocks                         ; 0 / 2 ( 0 % )                               ;
+------------------------------------+---------------------------------------------+


+---------------------------------------------+
; Flow Settings                               ;
+-------------------+-------------------------+
; Option            ; Setting                 ;
+-------------------+-------------------------+
; Start date & time ; 05/12/2026 02:10:53     ;
; Main task         ; Compilation             ;
; Revision Name     ; robot_line_follower_fsm ;
+-------------------+-------------------------+


+----------------------------------------------------------------------------------------------------------------------------------------+
; Flow Non-Default Global Settings                                                                                                       ;
+-------------------------------------+----------------------------------------+-------------------------+------------------+------------+
; Assignment Name                     ; Value                                  ; Default Value           ; Entity Name      ; Section Id ;
+-------------------------------------+----------------------------------------+-------------------------+------------------+------------+
; COMPILER_SIGNATURE_ID               ; 110073156466054.177856265210840        ; --                      ; --               ; --         ;
; MAX_CORE_JUNCTION_TEMP              ; 85                                     ; --                      ; --               ; --         ;
; MIN_CORE_JUNCTION_TEMP              ; 0                                      ; --                      ; --               ; --         ;
; PARTITION_COLOR                     ; -- (Not supported for targeted family) ; --                      ; block_diagram_V1 ; Top        ;
; PARTITION_FITTER_PRESERVATION_LEVEL ; -- (Not supported for targeted family) ; --                      ; block_diagram_V1 ; Top        ;
; PARTITION_NETLIST_TYPE              ; -- (Not supported for targeted family) ; --                      ; block_diagram_V1 ; Top        ;
; POWER_BOARD_THERMAL_MODEL           ; None (CONSERVATIVE)                    ; --                      ; --               ; --         ;
; POWER_PRESET_COOLING_SOLUTION       ; 23 MM HEAT SINK WITH 200 LFPM AIRFLOW  ; --                      ; --               ; --         ;
; PROJECT_OUTPUT_DIRECTORY            ; output_files                           ; --                      ; --               ; --         ;
; TOP_LEVEL_ENTITY                    ; block_diagram_V1                       ; robot_line_follower_fsm ; --               ; --         ;
+-------------------------------------+----------------------------------------+-------------------------+------------------+------------+


+--------------------------------------------------------------------------------------------------------------------------+
; Flow Elapsed Time                                                                                                        ;
+----------------------+--------------+-------------------------+---------------------+------------------------------------+
; Module Name          ; Elapsed Time ; Average Processors Used ; Peak Virtual Memory ; Total CPU Time (on all processors) ;
+----------------------+--------------+-------------------------+---------------------+------------------------------------+
; Analysis & Synthesis ; 00:00:30     ; 1.0                     ; 4773 MB             ; 00:00:44                           ;
; Fitter               ; 00:00:20     ; 1.0                     ; 5336 MB             ; 00:00:22                           ;
; Assembler            ; 00:00:07     ; 1.0                     ; 4675 MB             ; 00:00:06                           ;
; Timing Analyzer      ; 00:00:06     ; 1.0                     ; 4779 MB             ; 00:00:05                           ;
; Total                ; 00:01:03     ; --                      ; --                  ; 00:01:17                           ;
+----------------------+--------------+-------------------------+---------------------+------------------------------------+


+------------------------------------------------------------------------------------+
; Flow OS Summary                                                                    ;
+----------------------+------------------+------------+------------+----------------+
; Module Name          ; Machine Hostname ; OS Name    ; OS Version ; Processor type ;
+----------------------+------------------+------------+------------+----------------+
; Analysis & Synthesis ; DESKTOP-QOK5CQU  ; Windows 10 ; 10.0       ; x86_64         ;
; Fitter               ; DESKTOP-QOK5CQU  ; Windows 10 ; 10.0       ; x86_64         ;
; Assembler            ; DESKTOP-QOK5CQU  ; Windows 10 ; 10.0       ; x86_64         ;
; Timing Analyzer      ; DESKTOP-QOK5CQU  ; Windows 10 ; 10.0       ; x86_64         ;
+----------------------+------------------+------------+------------+----------------+


------------
; Flow Log ;
------------
quartus_map --read_settings_files=on --write_settings_files=off robot_line_follower_fsm -c robot_line_follower_fsm
quartus_fit --read_settings_files=off --write_settings_files=off robot_line_follower_fsm -c robot_line_follower_fsm
quartus_asm --read_settings_files=off --write_settings_files=off robot_line_follower_fsm -c robot_line_follower_fsm
quartus_sta robot_line_follower_fsm -c robot_line_follower_fsm



