Analysis & Synthesis report for robot_line_follower_fsm
Tue May 12 20:14:12 2026
Quartus Prime Version 18.1.0 Build 625 09/12/2018 SJ Lite Edition


---------------------
; Table of Contents ;
---------------------
  1. Legal Notice
  2. Analysis & Synthesis Summary
  3. Analysis & Synthesis Settings
  4. Parallel Compilation
  5. Analysis & Synthesis Source Files Read
  6. Analysis & Synthesis Resource Usage Summary
  7. Analysis & Synthesis Resource Utilization by Entity
  8. Analysis & Synthesis RAM Summary
  9. Analysis & Synthesis IP Cores Summary
 10. State Machine - |block_diagram_V2|robot_line_follower_fsmV2:inst|fstate
 11. Registers Removed During Synthesis
 12. General Register Statistics
 13. Source assignments for display7_decoder:inst2|altsyncram:altsyncram_component|altsyncram_96s3:auto_generated
 14. Source assignments for display7_decoder:inst3|altsyncram:altsyncram_component|altsyncram_96s3:auto_generated
 15. Source assignments for display7_decoder:inst1|altsyncram:altsyncram_component|altsyncram_96s3:auto_generated
 16. Parameter Settings for User Entity Instance: display7_decoder:inst2|altsyncram:altsyncram_component
 17. Parameter Settings for User Entity Instance: timeoutComparator:inst9|lpm_compare:LPM_COMPARE_component
 18. Parameter Settings for User Entity Instance: searchTimeoutCounter:inst8|lpm_counter:LPM_COUNTER_component
 19. Parameter Settings for User Entity Instance: display7_decoder:inst3|altsyncram:altsyncram_component
 20. Parameter Settings for User Entity Instance: display7_decoder:inst1|altsyncram:altsyncram_component
 21. Parameter Settings for User Entity Instance: clock_divider:inst5|lpm_counter:LPM_COUNTER_component
 22. altsyncram Parameter Settings by Entity Instance
 23. Post-Synthesis Netlist Statistics for Top Partition
 24. Elapsed Time Per Partition
 25. Analysis & Synthesis Messages



----------------
; Legal Notice ;
----------------
Copyright (C) 2018  Intel Corporation. All rights reserved.
Your use of Intel Corporation's design tools, logic functions 
and other software and tools, and its AMPP partner logic 
functions, and any output files from any of the foregoing 
(including device programming or simulation files), and any 
associated documentation or information are expressly subject 
to the terms and conditions of the Intel Program License 
Subscription Agreement, the Intel Quartus Prime License Agreement,
the Intel FPGA IP License Agreement, or other applicable license
agreement, including, without limitation, that your use is for
the sole purpose of programming logic devices manufactured by
Intel and sold by Intel or its authorized distributors.  Please
refer to the applicable agreement for further details.



+----------------------------------------------------------------------------------+
; Analysis & Synthesis Summary                                                     ;
+------------------------------------+---------------------------------------------+
; Analysis & Synthesis Status        ; Successful - Tue May 12 20:14:12 2026       ;
; Quartus Prime Version              ; 18.1.0 Build 625 09/12/2018 SJ Lite Edition ;
; Revision Name                      ; robot_line_follower_fsm                     ;
; Top-level Entity Name              ; block_diagram_V2                            ;
; Family                             ; MAX 10                                      ;
; Total logic elements               ; 30                                          ;
;     Total combinational functions  ; 30                                          ;
;     Dedicated logic registers      ; 10                                          ;
; Total registers                    ; 10                                          ;
; Total pins                         ; 35                                          ;
; Total virtual pins                 ; 0                                           ;
; Total memory bits                  ; 128                                         ;
; Embedded Multiplier 9-bit elements ; 0                                           ;
; Total PLLs                         ; 0                                           ;
; UFM blocks                         ; 0                                           ;
; ADC blocks                         ; 0                                           ;
+------------------------------------+---------------------------------------------+


+-----------------------------------------------------------------------------------------------------------------+
; Analysis & Synthesis Settings                                                                                   ;
+------------------------------------------------------------------+--------------------+-------------------------+
; Option                                                           ; Setting            ; Default Value           ;
+------------------------------------------------------------------+--------------------+-------------------------+
; Device                                                           ; 10M50DAF484C7G     ;                         ;
; Top-level entity name                                            ; block_diagram_V2   ; robot_line_follower_fsm ;
; Family name                                                      ; MAX 10             ; Cyclone V               ;
; Use smart compilation                                            ; Off                ; Off                     ;
; Enable parallel Assembler and Timing Analyzer during compilation ; On                 ; On                      ;
; Enable compact report table                                      ; Off                ; Off                     ;
; Restructure Multiplexers                                         ; Auto               ; Auto                    ;
; Create Debugging Nodes for IP Cores                              ; Off                ; Off                     ;
; Preserve fewer node names                                        ; On                 ; On                      ;
; Intel FPGA IP Evaluation Mode                                    ; Enable             ; Enable                  ;
; Verilog Version                                                  ; Verilog_2001       ; Verilog_2001            ;
; VHDL Version                                                     ; VHDL_1993          ; VHDL_1993               ;
; State Machine Processing                                         ; Auto               ; Auto                    ;
; Safe State Machine                                               ; Off                ; Off                     ;
; Extract Verilog State Machines                                   ; On                 ; On                      ;
; Extract VHDL State Machines                                      ; On                 ; On                      ;
; Ignore Verilog initial constructs                                ; Off                ; Off                     ;
; Iteration limit for constant Verilog loops                       ; 5000               ; 5000                    ;
; Iteration limit for non-constant Verilog loops                   ; 250                ; 250                     ;
; Add Pass-Through Logic to Inferred RAMs                          ; On                 ; On                      ;
; Infer RAMs from Raw Logic                                        ; On                 ; On                      ;
; Parallel Synthesis                                               ; On                 ; On                      ;
; DSP Block Balancing                                              ; Auto               ; Auto                    ;
; NOT Gate Push-Back                                               ; On                 ; On                      ;
; Power-Up Don't Care                                              ; On                 ; On                      ;
; Remove Redundant Logic Cells                                     ; Off                ; Off                     ;
; Remove Duplicate Registers                                       ; On                 ; On                      ;
; Ignore CARRY Buffers                                             ; Off                ; Off                     ;
; Ignore CASCADE Buffers                                           ; Off                ; Off                     ;
; Ignore GLOBAL Buffers                                            ; Off                ; Off                     ;
; Ignore ROW GLOBAL Buffers                                        ; Off                ; Off                     ;
; Ignore LCELL Buffers                                             ; Off                ; Off                     ;
; Ignore SOFT Buffers                                              ; On                 ; On                      ;
; Limit AHDL Integers to 32 Bits                                   ; Off                ; Off                     ;
; Optimization Technique                                           ; Balanced           ; Balanced                ;
; Carry Chain Length                                               ; 70                 ; 70                      ;
; Auto Carry Chains                                                ; On                 ; On                      ;
; Auto Open-Drain Pins                                             ; On                 ; On                      ;
; Perform WYSIWYG Primitive Resynthesis                            ; Off                ; Off                     ;
; Auto ROM Replacement                                             ; On                 ; On                      ;
; Auto RAM Replacement                                             ; On                 ; On                      ;
; Auto DSP Block Replacement                                       ; On                 ; On                      ;
; Auto Shift Register Replacement                                  ; Auto               ; Auto                    ;
; Allow Shift Register Merging across Hierarchies                  ; Auto               ; Auto                    ;
; Auto Clock Enable Replacement                                    ; On                 ; On                      ;
; Strict RAM Replacement                                           ; Off                ; Off                     ;
; Allow Synchronous Control Signals                                ; On                 ; On                      ;
; Force Use of Synchronous Clear Signals                           ; Off                ; Off                     ;
; Auto RAM Block Balancing                                         ; On                 ; On                      ;
; Auto RAM to Logic Cell Conversion                                ; Off                ; Off                     ;
; Auto Resource Sharing                                            ; Off                ; Off                     ;
; Allow Any RAM Size For Recognition                               ; Off                ; Off                     ;
; Allow Any ROM Size For Recognition                               ; Off                ; Off                     ;
; Allow Any Shift Register Size For Recognition                    ; Off                ; Off                     ;
; Use LogicLock Constraints during Resource Balancing              ; On                 ; On                      ;
; Ignore translate_off and synthesis_off directives                ; Off                ; Off                     ;
; Timing-Driven Synthesis                                          ; On                 ; On                      ;
; Report Parameter Settings                                        ; On                 ; On                      ;
; Report Source Assignments                                        ; On                 ; On                      ;
; Report Connectivity Checks                                       ; On                 ; On                      ;
; Ignore Maximum Fan-Out Assignments                               ; Off                ; Off                     ;
; Synchronization Register Chain Length                            ; 2                  ; 2                       ;
; Power Optimization During Synthesis                              ; Normal compilation ; Normal compilation      ;
; HDL message level                                                ; Level2             ; Level2                  ;
; Suppress Register Optimization Related Messages                  ; Off                ; Off                     ;
; Number of Removed Registers Reported in Synthesis Report         ; 5000               ; 5000                    ;
; Number of Swept Nodes Reported in Synthesis Report               ; 5000               ; 5000                    ;
; Number of Inverted Registers Reported in Synthesis Report        ; 100                ; 100                     ;
; Clock MUX Protection                                             ; On                 ; On                      ;
; Auto Gated Clock Conversion                                      ; Off                ; Off                     ;
; Block Design Naming                                              ; Auto               ; Auto                    ;
; SDC constraint protection                                        ; Off                ; Off                     ;
; Synthesis Effort                                                 ; Auto               ; Auto                    ;
; Shift Register Replacement - Allow Asynchronous Clear Signal     ; On                 ; On                      ;
; Pre-Mapping Resynthesis Optimization                             ; Off                ; Off                     ;
; Analysis & Synthesis Message Level                               ; Medium             ; Medium                  ;
; Disable Register Merging Across Hierarchies                      ; Auto               ; Auto                    ;
; Resource Aware Inference For Block RAM                           ; On                 ; On                      ;
+------------------------------------------------------------------+--------------------+-------------------------+


+------------------------------------------+
; Parallel Compilation                     ;
+----------------------------+-------------+
; Processors                 ; Number      ;
+----------------------------+-------------+
; Number detected on machine ; 2           ;
; Maximum allowed            ; 2           ;
;                            ;             ;
; Average used               ; 1.00        ;
; Maximum used               ; 2           ;
;                            ;             ;
; Usage by Processor         ; % Time Used ;
;     Processor 1            ; 100.0%      ;
;     Processor 2            ;   0.0%      ;
+----------------------------+-------------+


+-----------------------------------------------------------------------------------------------------------------------------------------------------------------------------------------------------------------+
; Analysis & Synthesis Source Files Read                                                                                                                                                                          ;
+----------------------------------+-----------------+----------------------------------------+---------------------------------------------------------------------------------------------------------+---------+
; File Name with User-Entered Path ; Used in Netlist ; File Type                              ; File Name with Absolute Path                                                                            ; Library ;
+----------------------------------+-----------------+----------------------------------------+---------------------------------------------------------------------------------------------------------+---------+
; robot_line_follower_fsmV2.vhd    ; yes             ; User VHDL File                         ; C:/Users/otavi/OneDrive/Documentos/Reconfiguravel/robot_line_follower_fsm/robot_line_follower_fsmV2.vhd ;         ;
; block_diagram_V2.bdf             ; yes             ; User Block Diagram/Schematic File      ; C:/Users/otavi/OneDrive/Documentos/Reconfiguravel/robot_line_follower_fsm/block_diagram_V2.bdf          ;         ;
; display7_decoder.vhd             ; yes             ; User Wizard-Generated File             ; C:/Users/otavi/OneDrive/Documentos/Reconfiguravel/robot_line_follower_fsm/display7_decoder.vhd          ;         ;
; searchTimeoutCounter.vhd         ; yes             ; User Wizard-Generated File             ; C:/Users/otavi/OneDrive/Documentos/Reconfiguravel/robot_line_follower_fsm/searchTimeoutCounter.vhd      ;         ;
; timeoutComparator.vhd            ; yes             ; User Wizard-Generated File             ; C:/Users/otavi/OneDrive/Documentos/Reconfiguravel/robot_line_follower_fsm/timeoutComparator.vhd         ;         ;
; altsyncram.tdf                   ; yes             ; Megafunction                           ; c:/intelfpga_lite/18.1/quartus/libraries/megafunctions/altsyncram.tdf                                   ;         ;
; stratix_ram_block.inc            ; yes             ; Megafunction                           ; c:/intelfpga_lite/18.1/quartus/libraries/megafunctions/stratix_ram_block.inc                            ;         ;
; lpm_mux.inc                      ; yes             ; Megafunction                           ; c:/intelfpga_lite/18.1/quartus/libraries/megafunctions/lpm_mux.inc                                      ;         ;
; lpm_decode.inc                   ; yes             ; Megafunction                           ; c:/intelfpga_lite/18.1/quartus/libraries/megafunctions/lpm_decode.inc                                   ;         ;
; aglobal181.inc                   ; yes             ; Megafunction                           ; c:/intelfpga_lite/18.1/quartus/libraries/megafunctions/aglobal181.inc                                   ;         ;
; a_rdenreg.inc                    ; yes             ; Megafunction                           ; c:/intelfpga_lite/18.1/quartus/libraries/megafunctions/a_rdenreg.inc                                    ;         ;
; altrom.inc                       ; yes             ; Megafunction                           ; c:/intelfpga_lite/18.1/quartus/libraries/megafunctions/altrom.inc                                       ;         ;
; altram.inc                       ; yes             ; Megafunction                           ; c:/intelfpga_lite/18.1/quartus/libraries/megafunctions/altram.inc                                       ;         ;
; altdpram.inc                     ; yes             ; Megafunction                           ; c:/intelfpga_lite/18.1/quartus/libraries/megafunctions/altdpram.inc                                     ;         ;
; db/altsyncram_96s3.tdf           ; yes             ; Auto-Generated Megafunction            ; C:/Users/otavi/OneDrive/Documentos/Reconfiguravel/robot_line_follower_fsm/db/altsyncram_96s3.tdf        ;         ;
; display7_decoder_memory.mif      ; yes             ; Auto-Found Memory Initialization File  ; C:/Users/otavi/OneDrive/Documentos/Reconfiguravel/robot_line_follower_fsm/display7_decoder_memory.mif   ;         ;
; lpm_compare.tdf                  ; yes             ; Megafunction                           ; c:/intelfpga_lite/18.1/quartus/libraries/megafunctions/lpm_compare.tdf                                  ;         ;
; comptree.inc                     ; yes             ; Megafunction                           ; c:/intelfpga_lite/18.1/quartus/libraries/megafunctions/comptree.inc                                     ;         ;
; altshift.inc                     ; yes             ; Megafunction                           ; c:/intelfpga_lite/18.1/quartus/libraries/megafunctions/altshift.inc                                     ;         ;
; db/cmpr_omi.tdf                  ; yes             ; Auto-Generated Megafunction            ; C:/Users/otavi/OneDrive/Documentos/Reconfiguravel/robot_line_follower_fsm/db/cmpr_omi.tdf               ;         ;
; lpm_counter.tdf                  ; yes             ; Megafunction                           ; c:/intelfpga_lite/18.1/quartus/libraries/megafunctions/lpm_counter.tdf                                  ;         ;
; lpm_constant.inc                 ; yes             ; Megafunction                           ; c:/intelfpga_lite/18.1/quartus/libraries/megafunctions/lpm_constant.inc                                 ;         ;
; lpm_add_sub.inc                  ; yes             ; Megafunction                           ; c:/intelfpga_lite/18.1/quartus/libraries/megafunctions/lpm_add_sub.inc                                  ;         ;
; cmpconst.inc                     ; yes             ; Megafunction                           ; c:/intelfpga_lite/18.1/quartus/libraries/megafunctions/cmpconst.inc                                     ;         ;
; lpm_compare.inc                  ; yes             ; Megafunction                           ; c:/intelfpga_lite/18.1/quartus/libraries/megafunctions/lpm_compare.inc                                  ;         ;
; lpm_counter.inc                  ; yes             ; Megafunction                           ; c:/intelfpga_lite/18.1/quartus/libraries/megafunctions/lpm_counter.inc                                  ;         ;
; dffeea.inc                       ; yes             ; Megafunction                           ; c:/intelfpga_lite/18.1/quartus/libraries/megafunctions/dffeea.inc                                       ;         ;
; alt_counter_stratix.inc          ; yes             ; Megafunction                           ; c:/intelfpga_lite/18.1/quartus/libraries/megafunctions/alt_counter_stratix.inc                          ;         ;
; db/cntr_kih.tdf                  ; yes             ; Auto-Generated Megafunction            ; C:/Users/otavi/OneDrive/Documentos/Reconfiguravel/robot_line_follower_fsm/db/cntr_kih.tdf               ;         ;
; clock_divider.vhd                ; yes             ; Auto-Found Wizard-Generated File       ; C:/Users/otavi/OneDrive/Documentos/Reconfiguravel/robot_line_follower_fsm/clock_divider.vhd             ;         ;
; db/cntr_54h.tdf                  ; yes             ; Auto-Generated Megafunction            ; C:/Users/otavi/OneDrive/Documentos/Reconfiguravel/robot_line_follower_fsm/db/cntr_54h.tdf               ;         ;
+----------------------------------+-----------------+----------------------------------------+---------------------------------------------------------------------------------------------------------+---------+


+-----------------------------------------------------------+
; Analysis & Synthesis Resource Usage Summary               ;
+---------------------------------------------+-------------+
; Resource                                    ; Usage       ;
+---------------------------------------------+-------------+
; Estimated Total logic elements              ; 30          ;
;                                             ;             ;
; Total combinational functions               ; 30          ;
; Logic element usage by number of LUT inputs ;             ;
;     -- 4 input functions                    ; 15          ;
;     -- 3 input functions                    ; 7           ;
;     -- <=2 input functions                  ; 8           ;
;                                             ;             ;
; Logic elements by mode                      ;             ;
;     -- normal mode                          ; 27          ;
;     -- arithmetic mode                      ; 3           ;
;                                             ;             ;
; Total registers                             ; 10          ;
;     -- Dedicated logic registers            ; 10          ;
;     -- I/O registers                        ; 0           ;
;                                             ;             ;
; I/O pins                                    ; 35          ;
; Total memory bits                           ; 128         ;
;                                             ;             ;
; Embedded Multiplier 9-bit elements          ; 0           ;
;                                             ;             ;
; Maximum fan-out node                        ; reset~input ;
; Maximum fan-out                             ; 17          ;
; Total fan-out                               ; 243         ;
; Average fan-out                             ; 1.81        ;
+---------------------------------------------+-------------+


+-----------------------------------------------------------------------------------------------------------------------------------------------------------------------------------------------------------------------------------------------------------------------------------------------------------------------------------------------------+
; Analysis & Synthesis Resource Utilization by Entity                                                                                                                                                                                                                                                                                                 ;
+-------------------------------------------+---------------------+---------------------------+-------------+------------+--------------+---------+-----------+------+--------------+------------+---------------------------------------------------------------------------------------------------------+---------------------------+--------------+
; Compilation Hierarchy Node                ; Combinational ALUTs ; Dedicated Logic Registers ; Memory Bits ; UFM Blocks ; DSP Elements ; DSP 9x9 ; DSP 18x18 ; Pins ; Virtual Pins ; ADC blocks ; Full Hierarchy Name                                                                                     ; Entity Name               ; Library Name ;
+-------------------------------------------+---------------------+---------------------------+-------------+------------+--------------+---------+-----------+------+--------------+------------+---------------------------------------------------------------------------------------------------------+---------------------------+--------------+
; |block_diagram_V2                         ; 30 (1)              ; 10 (0)                    ; 128         ; 0          ; 0            ; 0       ; 0         ; 35   ; 0            ; 0          ; |block_diagram_V2                                                                                       ; block_diagram_V2          ; work         ;
;    |display7_decoder:inst1|               ; 0 (0)               ; 0 (0)                     ; 32          ; 0          ; 0            ; 0       ; 0         ; 0    ; 0            ; 0          ; |block_diagram_V2|display7_decoder:inst1                                                                ; display7_decoder          ; work         ;
;       |altsyncram:altsyncram_component|   ; 0 (0)               ; 0 (0)                     ; 32          ; 0          ; 0            ; 0       ; 0         ; 0    ; 0            ; 0          ; |block_diagram_V2|display7_decoder:inst1|altsyncram:altsyncram_component                                ; altsyncram                ; work         ;
;          |altsyncram_96s3:auto_generated| ; 0 (0)               ; 0 (0)                     ; 32          ; 0          ; 0            ; 0       ; 0         ; 0    ; 0            ; 0          ; |block_diagram_V2|display7_decoder:inst1|altsyncram:altsyncram_component|altsyncram_96s3:auto_generated ; altsyncram_96s3           ; work         ;
;    |display7_decoder:inst2|               ; 0 (0)               ; 0 (0)                     ; 32          ; 0          ; 0            ; 0       ; 0         ; 0    ; 0            ; 0          ; |block_diagram_V2|display7_decoder:inst2                                                                ; display7_decoder          ; work         ;
;       |altsyncram:altsyncram_component|   ; 0 (0)               ; 0 (0)                     ; 32          ; 0          ; 0            ; 0       ; 0         ; 0    ; 0            ; 0          ; |block_diagram_V2|display7_decoder:inst2|altsyncram:altsyncram_component                                ; altsyncram                ; work         ;
;          |altsyncram_96s3:auto_generated| ; 0 (0)               ; 0 (0)                     ; 32          ; 0          ; 0            ; 0       ; 0         ; 0    ; 0            ; 0          ; |block_diagram_V2|display7_decoder:inst2|altsyncram:altsyncram_component|altsyncram_96s3:auto_generated ; altsyncram_96s3           ; work         ;
;    |display7_decoder:inst3|               ; 0 (0)               ; 0 (0)                     ; 64          ; 0          ; 0            ; 0       ; 0         ; 0    ; 0            ; 0          ; |block_diagram_V2|display7_decoder:inst3                                                                ; display7_decoder          ; work         ;
;       |altsyncram:altsyncram_component|   ; 0 (0)               ; 0 (0)                     ; 64          ; 0          ; 0            ; 0       ; 0         ; 0    ; 0            ; 0          ; |block_diagram_V2|display7_decoder:inst3|altsyncram:altsyncram_component                                ; altsyncram                ; work         ;
;          |altsyncram_96s3:auto_generated| ; 0 (0)               ; 0 (0)                     ; 64          ; 0          ; 0            ; 0       ; 0         ; 0    ; 0            ; 0          ; |block_diagram_V2|display7_decoder:inst3|altsyncram:altsyncram_component|altsyncram_96s3:auto_generated ; altsyncram_96s3           ; work         ;
;    |robot_line_follower_fsmV2:inst|       ; 25 (25)             ; 6 (6)                     ; 0           ; 0          ; 0            ; 0       ; 0         ; 0    ; 0            ; 0          ; |block_diagram_V2|robot_line_follower_fsmV2:inst                                                        ; robot_line_follower_fsmV2 ; work         ;
;    |searchTimeoutCounter:inst8|           ; 4 (0)               ; 4 (0)                     ; 0           ; 0          ; 0            ; 0       ; 0         ; 0    ; 0            ; 0          ; |block_diagram_V2|searchTimeoutCounter:inst8                                                            ; searchTimeoutCounter      ; work         ;
;       |lpm_counter:LPM_COUNTER_component| ; 4 (0)               ; 4 (0)                     ; 0           ; 0          ; 0            ; 0       ; 0         ; 0    ; 0            ; 0          ; |block_diagram_V2|searchTimeoutCounter:inst8|lpm_counter:LPM_COUNTER_component                          ; lpm_counter               ; work         ;
;          |cntr_kih:auto_generated|        ; 4 (4)               ; 4 (4)                     ; 0           ; 0          ; 0            ; 0       ; 0         ; 0    ; 0            ; 0          ; |block_diagram_V2|searchTimeoutCounter:inst8|lpm_counter:LPM_COUNTER_component|cntr_kih:auto_generated  ; cntr_kih                  ; work         ;
+-------------------------------------------+---------------------+---------------------------+-------------+------------+--------------+---------+-----------+------+--------------+------------+---------------------------------------------------------------------------------------------------------+---------------------------+--------------+
Note: For table entries with two numbers listed, the numbers in parentheses indicate the number of resources of the given type used by the specific entity alone. The numbers listed outside of parentheses indicate the total resources of the given type used by the specific entity and all of its sub-entities in the hierarchy.


+-----------------------------------------------------------------------------------------------------------------------------------------------------------------------------------------------------------------+
; Analysis & Synthesis RAM Summary                                                                                                                                                                                ;
+--------------------------------------------------------------------------------------------------+------+------+--------------+--------------+--------------+--------------+------+-----------------------------+
; Name                                                                                             ; Type ; Mode ; Port A Depth ; Port A Width ; Port B Depth ; Port B Width ; Size ; MIF                         ;
+--------------------------------------------------------------------------------------------------+------+------+--------------+--------------+--------------+--------------+------+-----------------------------+
; display7_decoder:inst1|altsyncram:altsyncram_component|altsyncram_96s3:auto_generated|ALTSYNCRAM ; AUTO ; ROM  ; 16           ; 8            ; --           ; --           ; 128  ; display7_decoder_memory.mif ;
; display7_decoder:inst2|altsyncram:altsyncram_component|altsyncram_96s3:auto_generated|ALTSYNCRAM ; AUTO ; ROM  ; 16           ; 8            ; --           ; --           ; 128  ; display7_decoder_memory.mif ;
; display7_decoder:inst3|altsyncram:altsyncram_component|altsyncram_96s3:auto_generated|ALTSYNCRAM ; AUTO ; ROM  ; 16           ; 8            ; --           ; --           ; 128  ; display7_decoder_memory.mif ;
+--------------------------------------------------------------------------------------------------+------+------+--------------+--------------+--------------+--------------+------+-----------------------------+


+-----------------------------------------------------------------------------------------------------------------------------------------+
; Analysis & Synthesis IP Cores Summary                                                                                                   ;
+--------+--------------+---------+--------------+--------------+----------------------------------------------+--------------------------+
; Vendor ; IP Core Name ; Version ; Release Date ; License Type ; Entity Instance                              ; IP Include File          ;
+--------+--------------+---------+--------------+--------------+----------------------------------------------+--------------------------+
; Altera ; ROM: 1-PORT  ; 18.1    ; N/A          ; N/A          ; |block_diagram_V2|display7_decoder:inst1     ; display7_decoder.vhd     ;
; Altera ; ROM: 1-PORT  ; 18.1    ; N/A          ; N/A          ; |block_diagram_V2|display7_decoder:inst2     ; display7_decoder.vhd     ;
; Altera ; ROM: 1-PORT  ; 18.1    ; N/A          ; N/A          ; |block_diagram_V2|display7_decoder:inst3     ; display7_decoder.vhd     ;
; Altera ; LPM_COUNTER  ; 18.1    ; N/A          ; N/A          ; |block_diagram_V2|searchTimeoutCounter:inst8 ; searchTimeoutCounter.vhd ;
; Altera ; LPM_COMPARE  ; 18.1    ; N/A          ; N/A          ; |block_diagram_V2|timeoutComparator:inst9    ; timeoutComparator.vhd    ;
+--------+--------------+---------+--------------+--------------+----------------------------------------------+--------------------------+


Encoding Type:  One-Hot
+---------------------------------------------------------------------------------------------------------------------------------------------------+
; State Machine - |block_diagram_V2|robot_line_follower_fsmV2:inst|fstate                                                                           ;
+---------------------+--------------------+-------------------+---------------------+--------------------+-------------------+---------------------+
; Name                ; fstate.searchRight ; fstate.searchLeft ; fstate.turningRight ; fstate.turningLeft ; fstate.stationary ; fstate.straightLine ;
+---------------------+--------------------+-------------------+---------------------+--------------------+-------------------+---------------------+
; fstate.straightLine ; 0                  ; 0                 ; 0                   ; 0                  ; 0                 ; 0                   ;
; fstate.stationary   ; 0                  ; 0                 ; 0                   ; 0                  ; 1                 ; 1                   ;
; fstate.turningLeft  ; 0                  ; 0                 ; 0                   ; 1                  ; 0                 ; 1                   ;
; fstate.turningRight ; 0                  ; 0                 ; 1                   ; 0                  ; 0                 ; 1                   ;
; fstate.searchLeft   ; 0                  ; 1                 ; 0                   ; 0                  ; 0                 ; 1                   ;
; fstate.searchRight  ; 1                  ; 0                 ; 0                   ; 0                  ; 0                 ; 1                   ;
+---------------------+--------------------+-------------------+---------------------+--------------------+-------------------+---------------------+


+--------------------------------------------------------------------------------------------------------------------------+
; Registers Removed During Synthesis                                                                                       ;
+-----------------------------------------------------------------------------------------------------+--------------------+
; Register name                                                                                       ; Reason for Removal ;
+-----------------------------------------------------------------------------------------------------+--------------------+
; clock_divider:inst5|lpm_counter:LPM_COUNTER_component|cntr_54h:auto_generated|counter_reg_bit[0..8] ; Lost fanout        ;
; Total Number of Removed Registers = 9                                                               ;                    ;
+-----------------------------------------------------------------------------------------------------+--------------------+


+------------------------------------------------------+
; General Register Statistics                          ;
+----------------------------------------------+-------+
; Statistic                                    ; Value ;
+----------------------------------------------+-------+
; Total registers                              ; 10    ;
; Number of registers using Synchronous Clear  ; 0     ;
; Number of registers using Synchronous Load   ; 4     ;
; Number of registers using Asynchronous Clear ; 0     ;
; Number of registers using Asynchronous Load  ; 0     ;
; Number of registers using Clock Enable       ; 0     ;
; Number of registers using Preset             ; 0     ;
+----------------------------------------------+-------+


+--------------------------------------------------------------------------------------------------------------+
; Source assignments for display7_decoder:inst2|altsyncram:altsyncram_component|altsyncram_96s3:auto_generated ;
+---------------------------------+--------------------+------+------------------------------------------------+
; Assignment                      ; Value              ; From ; To                                             ;
+---------------------------------+--------------------+------+------------------------------------------------+
; OPTIMIZE_POWER_DURING_SYNTHESIS ; NORMAL_COMPILATION ; -    ; -                                              ;
+---------------------------------+--------------------+------+------------------------------------------------+


+--------------------------------------------------------------------------------------------------------------+
; Source assignments for display7_decoder:inst3|altsyncram:altsyncram_component|altsyncram_96s3:auto_generated ;
+---------------------------------+--------------------+------+------------------------------------------------+
; Assignment                      ; Value              ; From ; To                                             ;
+---------------------------------+--------------------+------+------------------------------------------------+
; OPTIMIZE_POWER_DURING_SYNTHESIS ; NORMAL_COMPILATION ; -    ; -                                              ;
+---------------------------------+--------------------+------+------------------------------------------------+


+--------------------------------------------------------------------------------------------------------------+
; Source assignments for display7_decoder:inst1|altsyncram:altsyncram_component|altsyncram_96s3:auto_generated ;
+---------------------------------+--------------------+------+------------------------------------------------+
; Assignment                      ; Value              ; From ; To                                             ;
+---------------------------------+--------------------+------+------------------------------------------------+
; OPTIMIZE_POWER_DURING_SYNTHESIS ; NORMAL_COMPILATION ; -    ; -                                              ;
+---------------------------------+--------------------+------+------------------------------------------------+


+-----------------------------------------------------------------------------------------------------+
; Parameter Settings for User Entity Instance: display7_decoder:inst2|altsyncram:altsyncram_component ;
+------------------------------------+-----------------------------+----------------------------------+
; Parameter Name                     ; Value                       ; Type                             ;
+------------------------------------+-----------------------------+----------------------------------+
; BYTE_SIZE_BLOCK                    ; 8                           ; Untyped                          ;
; AUTO_CARRY_CHAINS                  ; ON                          ; AUTO_CARRY                       ;
; IGNORE_CARRY_BUFFERS               ; OFF                         ; IGNORE_CARRY                     ;
; AUTO_CASCADE_CHAINS                ; ON                          ; AUTO_CASCADE                     ;
; IGNORE_CASCADE_BUFFERS             ; OFF                         ; IGNORE_CASCADE                   ;
; WIDTH_BYTEENA                      ; 1                           ; Untyped                          ;
; OPERATION_MODE                     ; ROM                         ; Untyped                          ;
; WIDTH_A                            ; 8                           ; Signed Integer                   ;
; WIDTHAD_A                          ; 4                           ; Signed Integer                   ;
; NUMWORDS_A                         ; 16                          ; Signed Integer                   ;
; OUTDATA_REG_A                      ; CLOCK0                      ; Untyped                          ;
; ADDRESS_ACLR_A                     ; NONE                        ; Untyped                          ;
; OUTDATA_ACLR_A                     ; NONE                        ; Untyped                          ;
; WRCONTROL_ACLR_A                   ; NONE                        ; Untyped                          ;
; INDATA_ACLR_A                      ; NONE                        ; Untyped                          ;
; BYTEENA_ACLR_A                     ; NONE                        ; Untyped                          ;
; WIDTH_B                            ; 1                           ; Signed Integer                   ;
; WIDTHAD_B                          ; 1                           ; Signed Integer                   ;
; NUMWORDS_B                         ; 0                           ; Signed Integer                   ;
; INDATA_REG_B                       ; CLOCK1                      ; Untyped                          ;
; WRCONTROL_WRADDRESS_REG_B          ; CLOCK1                      ; Untyped                          ;
; RDCONTROL_REG_B                    ; CLOCK1                      ; Untyped                          ;
; ADDRESS_REG_B                      ; CLOCK1                      ; Untyped                          ;
; OUTDATA_REG_B                      ; UNREGISTERED                ; Untyped                          ;
; BYTEENA_REG_B                      ; CLOCK1                      ; Untyped                          ;
; INDATA_ACLR_B                      ; NONE                        ; Untyped                          ;
; WRCONTROL_ACLR_B                   ; NONE                        ; Untyped                          ;
; ADDRESS_ACLR_B                     ; NONE                        ; Untyped                          ;
; OUTDATA_ACLR_B                     ; NONE                        ; Untyped                          ;
; RDCONTROL_ACLR_B                   ; NONE                        ; Untyped                          ;
; BYTEENA_ACLR_B                     ; NONE                        ; Untyped                          ;
; WIDTH_BYTEENA_A                    ; 1                           ; Signed Integer                   ;
; WIDTH_BYTEENA_B                    ; 1                           ; Signed Integer                   ;
; RAM_BLOCK_TYPE                     ; AUTO                        ; Untyped                          ;
; BYTE_SIZE                          ; 8                           ; Signed Integer                   ;
; READ_DURING_WRITE_MODE_MIXED_PORTS ; DONT_CARE                   ; Untyped                          ;
; READ_DURING_WRITE_MODE_PORT_A      ; NEW_DATA_NO_NBE_READ        ; Untyped                          ;
; READ_DURING_WRITE_MODE_PORT_B      ; NEW_DATA_NO_NBE_READ        ; Untyped                          ;
; INIT_FILE                          ; display7_decoder_memory.mif ; Untyped                          ;
; INIT_FILE_LAYOUT                   ; PORT_A                      ; Untyped                          ;
; MAXIMUM_DEPTH                      ; 0                           ; Signed Integer                   ;
; CLOCK_ENABLE_INPUT_A               ; BYPASS                      ; Untyped                          ;
; CLOCK_ENABLE_INPUT_B               ; NORMAL                      ; Untyped                          ;
; CLOCK_ENABLE_OUTPUT_A              ; BYPASS                      ; Untyped                          ;
; CLOCK_ENABLE_OUTPUT_B              ; NORMAL                      ; Untyped                          ;
; CLOCK_ENABLE_CORE_A                ; USE_INPUT_CLKEN             ; Untyped                          ;
; CLOCK_ENABLE_CORE_B                ; USE_INPUT_CLKEN             ; Untyped                          ;
; ENABLE_ECC                         ; FALSE                       ; Untyped                          ;
; ECC_PIPELINE_STAGE_ENABLED         ; FALSE                       ; Untyped                          ;
; WIDTH_ECCSTATUS                    ; 3                           ; Signed Integer                   ;
; DEVICE_FAMILY                      ; MAX 10                      ; Untyped                          ;
; CBXI_PARAMETER                     ; altsyncram_96s3             ; Untyped                          ;
+------------------------------------+-----------------------------+----------------------------------+
Note: In order to hide this table in the UI and the text report file, please set the "Show Parameter Settings in Synthesis Report" option in "Analysis and Synthesis Settings -> More Settings" to "Off".


+--------------------------------------------------------------------------------------------------------+
; Parameter Settings for User Entity Instance: timeoutComparator:inst9|lpm_compare:LPM_COMPARE_component ;
+------------------------+----------+--------------------------------------------------------------------+
; Parameter Name         ; Value    ; Type                                                               ;
+------------------------+----------+--------------------------------------------------------------------+
; lpm_width              ; 4        ; Signed Integer                                                     ;
; LPM_REPRESENTATION     ; UNSIGNED ; Untyped                                                            ;
; LPM_PIPELINE           ; 0        ; Untyped                                                            ;
; CHAIN_SIZE             ; 8        ; Untyped                                                            ;
; ONE_INPUT_IS_CONSTANT  ; YES      ; Untyped                                                            ;
; CARRY_CHAIN            ; MANUAL   ; Untyped                                                            ;
; CASCADE_CHAIN          ; MANUAL   ; Untyped                                                            ;
; CARRY_CHAIN_LENGTH     ; 48       ; CARRY_CHAIN_LENGTH                                                 ;
; CASCADE_CHAIN_LENGTH   ; 2        ; CASCADE_CHAIN_LENGTH                                               ;
; DEVICE_FAMILY          ; MAX 10   ; Untyped                                                            ;
; CBXI_PARAMETER         ; cmpr_omi ; Untyped                                                            ;
; AUTO_CARRY_CHAINS      ; ON       ; AUTO_CARRY                                                         ;
; IGNORE_CARRY_BUFFERS   ; OFF      ; IGNORE_CARRY                                                       ;
; AUTO_CASCADE_CHAINS    ; ON       ; AUTO_CASCADE                                                       ;
; IGNORE_CASCADE_BUFFERS ; OFF      ; IGNORE_CASCADE                                                     ;
+------------------------+----------+--------------------------------------------------------------------+
Note: In order to hide this table in the UI and the text report file, please set the "Show Parameter Settings in Synthesis Report" option in "Analysis and Synthesis Settings -> More Settings" to "Off".


+-----------------------------------------------------------------------------------------------------------+
; Parameter Settings for User Entity Instance: searchTimeoutCounter:inst8|lpm_counter:LPM_COUNTER_component ;
+------------------------+-------------+--------------------------------------------------------------------+
; Parameter Name         ; Value       ; Type                                                               ;
+------------------------+-------------+--------------------------------------------------------------------+
; AUTO_CARRY_CHAINS      ; ON          ; AUTO_CARRY                                                         ;
; IGNORE_CARRY_BUFFERS   ; OFF         ; IGNORE_CARRY                                                       ;
; AUTO_CASCADE_CHAINS    ; ON          ; AUTO_CASCADE                                                       ;
; IGNORE_CASCADE_BUFFERS ; OFF         ; IGNORE_CASCADE                                                     ;
; LPM_WIDTH              ; 4           ; Signed Integer                                                     ;
; LPM_DIRECTION          ; UP          ; Untyped                                                            ;
; LPM_MODULUS            ; 0           ; Untyped                                                            ;
; LPM_AVALUE             ; UNUSED      ; Untyped                                                            ;
; LPM_SVALUE             ; UNUSED      ; Untyped                                                            ;
; LPM_PORT_UPDOWN        ; PORT_UNUSED ; Untyped                                                            ;
; DEVICE_FAMILY          ; MAX 10      ; Untyped                                                            ;
; CARRY_CHAIN            ; MANUAL      ; Untyped                                                            ;
; CARRY_CHAIN_LENGTH     ; 48          ; CARRY_CHAIN_LENGTH                                                 ;
; NOT_GATE_PUSH_BACK     ; ON          ; NOT_GATE_PUSH_BACK                                                 ;
; CARRY_CNT_EN           ; SMART       ; Untyped                                                            ;
; LABWIDE_SCLR           ; ON          ; Untyped                                                            ;
; USE_NEW_VERSION        ; TRUE        ; Untyped                                                            ;
; CBXI_PARAMETER         ; cntr_kih    ; Untyped                                                            ;
+------------------------+-------------+--------------------------------------------------------------------+
Note: In order to hide this table in the UI and the text report file, please set the "Show Parameter Settings in Synthesis Report" option in "Analysis and Synthesis Settings -> More Settings" to "Off".


+-----------------------------------------------------------------------------------------------------+
; Parameter Settings for User Entity Instance: display7_decoder:inst3|altsyncram:altsyncram_component ;
+------------------------------------+-----------------------------+----------------------------------+
; Parameter Name                     ; Value                       ; Type                             ;
+------------------------------------+-----------------------------+----------------------------------+
; BYTE_SIZE_BLOCK                    ; 8                           ; Untyped                          ;
; AUTO_CARRY_CHAINS                  ; ON                          ; AUTO_CARRY                       ;
; IGNORE_CARRY_BUFFERS               ; OFF                         ; IGNORE_CARRY                     ;
; AUTO_CASCADE_CHAINS                ; ON                          ; AUTO_CASCADE                     ;
; IGNORE_CASCADE_BUFFERS             ; OFF                         ; IGNORE_CASCADE                   ;
; WIDTH_BYTEENA                      ; 1                           ; Untyped                          ;
; OPERATION_MODE                     ; ROM                         ; Untyped                          ;
; WIDTH_A                            ; 8                           ; Signed Integer                   ;
; WIDTHAD_A                          ; 4                           ; Signed Integer                   ;
; NUMWORDS_A                         ; 16                          ; Signed Integer                   ;
; OUTDATA_REG_A                      ; CLOCK0                      ; Untyped                          ;
; ADDRESS_ACLR_A                     ; NONE                        ; Untyped                          ;
; OUTDATA_ACLR_A                     ; NONE                        ; Untyped                          ;
; WRCONTROL_ACLR_A                   ; NONE                        ; Untyped                          ;
; INDATA_ACLR_A                      ; NONE                        ; Untyped                          ;
; BYTEENA_ACLR_A                     ; NONE                        ; Untyped                          ;
; WIDTH_B                            ; 1                           ; Signed Integer                   ;
; WIDTHAD_B                          ; 1                           ; Signed Integer                   ;
; NUMWORDS_B                         ; 0                           ; Signed Integer                   ;
; INDATA_REG_B                       ; CLOCK1                      ; Untyped                          ;
; WRCONTROL_WRADDRESS_REG_B          ; CLOCK1                      ; Untyped                          ;
; RDCONTROL_REG_B                    ; CLOCK1                      ; Untyped                          ;
; ADDRESS_REG_B                      ; CLOCK1                      ; Untyped                          ;
; OUTDATA_REG_B                      ; UNREGISTERED                ; Untyped                          ;
; BYTEENA_REG_B                      ; CLOCK1                      ; Untyped                          ;
; INDATA_ACLR_B                      ; NONE                        ; Untyped                          ;
; WRCONTROL_ACLR_B                   ; NONE                        ; Untyped                          ;
; ADDRESS_ACLR_B                     ; NONE                        ; Untyped                          ;
; OUTDATA_ACLR_B                     ; NONE                        ; Untyped                          ;
; RDCONTROL_ACLR_B                   ; NONE                        ; Untyped                          ;
; BYTEENA_ACLR_B                     ; NONE                        ; Untyped                          ;
; WIDTH_BYTEENA_A                    ; 1                           ; Signed Integer                   ;
; WIDTH_BYTEENA_B                    ; 1                           ; Signed Integer                   ;
; RAM_BLOCK_TYPE                     ; AUTO                        ; Untyped                          ;
; BYTE_SIZE                          ; 8                           ; Signed Integer                   ;
; READ_DURING_WRITE_MODE_MIXED_PORTS ; DONT_CARE                   ; Untyped                          ;
; READ_DURING_WRITE_MODE_PORT_A      ; NEW_DATA_NO_NBE_READ        ; Untyped                          ;
; READ_DURING_WRITE_MODE_PORT_B      ; NEW_DATA_NO_NBE_READ        ; Untyped                          ;
; INIT_FILE                          ; display7_decoder_memory.mif ; Untyped                          ;
; INIT_FILE_LAYOUT                   ; PORT_A                      ; Untyped                          ;
; MAXIMUM_DEPTH                      ; 0                           ; Signed Integer                   ;
; CLOCK_ENABLE_INPUT_A               ; BYPASS                      ; Untyped                          ;
; CLOCK_ENABLE_INPUT_B               ; NORMAL                      ; Untyped                          ;
; CLOCK_ENABLE_OUTPUT_A              ; BYPASS                      ; Untyped                          ;
; CLOCK_ENABLE_OUTPUT_B              ; NORMAL                      ; Untyped                          ;
; CLOCK_ENABLE_CORE_A                ; USE_INPUT_CLKEN             ; Untyped                          ;
; CLOCK_ENABLE_CORE_B                ; USE_INPUT_CLKEN             ; Untyped                          ;
; ENABLE_ECC                         ; FALSE                       ; Untyped                          ;
; ECC_PIPELINE_STAGE_ENABLED         ; FALSE                       ; Untyped                          ;
; WIDTH_ECCSTATUS                    ; 3                           ; Signed Integer                   ;
; DEVICE_FAMILY                      ; MAX 10                      ; Untyped                          ;
; CBXI_PARAMETER                     ; altsyncram_96s3             ; Untyped                          ;
+------------------------------------+-----------------------------+----------------------------------+
Note: In order to hide this table in the UI and the text report file, please set the "Show Parameter Settings in Synthesis Report" option in "Analysis and Synthesis Settings -> More Settings" to "Off".


+-----------------------------------------------------------------------------------------------------+
; Parameter Settings for User Entity Instance: display7_decoder:inst1|altsyncram:altsyncram_component ;
+------------------------------------+-----------------------------+----------------------------------+
; Parameter Name                     ; Value                       ; Type                             ;
+------------------------------------+-----------------------------+----------------------------------+
; BYTE_SIZE_BLOCK                    ; 8                           ; Untyped                          ;
; AUTO_CARRY_CHAINS                  ; ON                          ; AUTO_CARRY                       ;
; IGNORE_CARRY_BUFFERS               ; OFF                         ; IGNORE_CARRY                     ;
; AUTO_CASCADE_CHAINS                ; ON                          ; AUTO_CASCADE                     ;
; IGNORE_CASCADE_BUFFERS             ; OFF                         ; IGNORE_CASCADE                   ;
; WIDTH_BYTEENA                      ; 1                           ; Untyped                          ;
; OPERATION_MODE                     ; ROM                         ; Untyped                          ;
; WIDTH_A                            ; 8                           ; Signed Integer                   ;
; WIDTHAD_A                          ; 4                           ; Signed Integer                   ;
; NUMWORDS_A                         ; 16                          ; Signed Integer                   ;
; OUTDATA_REG_A                      ; CLOCK0                      ; Untyped                          ;
; ADDRESS_ACLR_A                     ; NONE                        ; Untyped                          ;
; OUTDATA_ACLR_A                     ; NONE                        ; Untyped                          ;
; WRCONTROL_ACLR_A                   ; NONE                        ; Untyped                          ;
; INDATA_ACLR_A                      ; NONE                        ; Untyped                          ;
; BYTEENA_ACLR_A                     ; NONE                        ; Untyped                          ;
; WIDTH_B                            ; 1                           ; Signed Integer                   ;
; WIDTHAD_B                          ; 1                           ; Signed Integer                   ;
; NUMWORDS_B                         ; 0                           ; Signed Integer                   ;
; INDATA_REG_B                       ; CLOCK1                      ; Untyped                          ;
; WRCONTROL_WRADDRESS_REG_B          ; CLOCK1                      ; Untyped                          ;
; RDCONTROL_REG_B                    ; CLOCK1                      ; Untyped                          ;
; ADDRESS_REG_B                      ; CLOCK1                      ; Untyped                          ;
; OUTDATA_REG_B                      ; UNREGISTERED                ; Untyped                          ;
; BYTEENA_REG_B                      ; CLOCK1                      ; Untyped                          ;
; INDATA_ACLR_B                      ; NONE                        ; Untyped                          ;
; WRCONTROL_ACLR_B                   ; NONE                        ; Untyped                          ;
; ADDRESS_ACLR_B                     ; NONE                        ; Untyped                          ;
; OUTDATA_ACLR_B                     ; NONE                        ; Untyped                          ;
; RDCONTROL_ACLR_B                   ; NONE                        ; Untyped                          ;
; BYTEENA_ACLR_B                     ; NONE                        ; Untyped                          ;
; WIDTH_BYTEENA_A                    ; 1                           ; Signed Integer                   ;
; WIDTH_BYTEENA_B                    ; 1                           ; Signed Integer                   ;
; RAM_BLOCK_TYPE                     ; AUTO                        ; Untyped                          ;
; BYTE_SIZE                          ; 8                           ; Signed Integer                   ;
; READ_DURING_WRITE_MODE_MIXED_PORTS ; DONT_CARE                   ; Untyped                          ;
; READ_DURING_WRITE_MODE_PORT_A      ; NEW_DATA_NO_NBE_READ        ; Untyped                          ;
; READ_DURING_WRITE_MODE_PORT_B      ; NEW_DATA_NO_NBE_READ        ; Untyped                          ;
; INIT_FILE                          ; display7_decoder_memory.mif ; Untyped                          ;
; INIT_FILE_LAYOUT                   ; PORT_A                      ; Untyped                          ;
; MAXIMUM_DEPTH                      ; 0                           ; Signed Integer                   ;
; CLOCK_ENABLE_INPUT_A               ; BYPASS                      ; Untyped                          ;
; CLOCK_ENABLE_INPUT_B               ; NORMAL                      ; Untyped                          ;
; CLOCK_ENABLE_OUTPUT_A              ; BYPASS                      ; Untyped                          ;
; CLOCK_ENABLE_OUTPUT_B              ; NORMAL                      ; Untyped                          ;
; CLOCK_ENABLE_CORE_A                ; USE_INPUT_CLKEN             ; Untyped                          ;
; CLOCK_ENABLE_CORE_B                ; USE_INPUT_CLKEN             ; Untyped                          ;
; ENABLE_ECC                         ; FALSE                       ; Untyped                          ;
; ECC_PIPELINE_STAGE_ENABLED         ; FALSE                       ; Untyped                          ;
; WIDTH_ECCSTATUS                    ; 3                           ; Signed Integer                   ;
; DEVICE_FAMILY                      ; MAX 10                      ; Untyped                          ;
; CBXI_PARAMETER                     ; altsyncram_96s3             ; Untyped                          ;
+------------------------------------+-----------------------------+----------------------------------+
Note: In order to hide this table in the UI and the text report file, please set the "Show Parameter Settings in Synthesis Report" option in "Analysis and Synthesis Settings -> More Settings" to "Off".


+----------------------------------------------------------------------------------------------------+
; Parameter Settings for User Entity Instance: clock_divider:inst5|lpm_counter:LPM_COUNTER_component ;
+------------------------+-------------+-------------------------------------------------------------+
; Parameter Name         ; Value       ; Type                                                        ;
+------------------------+-------------+-------------------------------------------------------------+
; AUTO_CARRY_CHAINS      ; ON          ; AUTO_CARRY                                                  ;
; IGNORE_CARRY_BUFFERS   ; OFF         ; IGNORE_CARRY                                                ;
; AUTO_CASCADE_CHAINS    ; ON          ; AUTO_CASCADE                                                ;
; IGNORE_CASCADE_BUFFERS ; OFF         ; IGNORE_CASCADE                                              ;
; LPM_WIDTH              ; 9           ; Signed Integer                                              ;
; LPM_DIRECTION          ; UP          ; Untyped                                                     ;
; LPM_MODULUS            ; 0           ; Untyped                                                     ;
; LPM_AVALUE             ; UNUSED      ; Untyped                                                     ;
; LPM_SVALUE             ; UNUSED      ; Untyped                                                     ;
; LPM_PORT_UPDOWN        ; PORT_UNUSED ; Untyped                                                     ;
; DEVICE_FAMILY          ; MAX 10      ; Untyped                                                     ;
; CARRY_CHAIN            ; MANUAL      ; Untyped                                                     ;
; CARRY_CHAIN_LENGTH     ; 48          ; CARRY_CHAIN_LENGTH                                          ;
; NOT_GATE_PUSH_BACK     ; ON          ; NOT_GATE_PUSH_BACK                                          ;
; CARRY_CNT_EN           ; SMART       ; Untyped                                                     ;
; LABWIDE_SCLR           ; ON          ; Untyped                                                     ;
; USE_NEW_VERSION        ; TRUE        ; Untyped                                                     ;
; CBXI_PARAMETER         ; cntr_54h    ; Untyped                                                     ;
+------------------------+-------------+-------------------------------------------------------------+
Note: In order to hide this table in the UI and the text report file, please set the "Show Parameter Settings in Synthesis Report" option in "Analysis and Synthesis Settings -> More Settings" to "Off".


+----------------------------------------------------------------------------------------------------+
; altsyncram Parameter Settings by Entity Instance                                                   ;
+-------------------------------------------+--------------------------------------------------------+
; Name                                      ; Value                                                  ;
+-------------------------------------------+--------------------------------------------------------+
; Number of entity instances                ; 3                                                      ;
; Entity Instance                           ; display7_decoder:inst2|altsyncram:altsyncram_component ;
;     -- OPERATION_MODE                     ; ROM                                                    ;
;     -- WIDTH_A                            ; 8                                                      ;
;     -- NUMWORDS_A                         ; 16                                                     ;
;     -- OUTDATA_REG_A                      ; CLOCK0                                                 ;
;     -- WIDTH_B                            ; 1                                                      ;
;     -- NUMWORDS_B                         ; 0                                                      ;
;     -- ADDRESS_REG_B                      ; CLOCK1                                                 ;
;     -- OUTDATA_REG_B                      ; UNREGISTERED                                           ;
;     -- RAM_BLOCK_TYPE                     ; AUTO                                                   ;
;     -- READ_DURING_WRITE_MODE_MIXED_PORTS ; DONT_CARE                                              ;
; Entity Instance                           ; display7_decoder:inst3|altsyncram:altsyncram_component ;
;     -- OPERATION_MODE                     ; ROM                                                    ;
;     -- WIDTH_A                            ; 8                                                      ;
;     -- NUMWORDS_A                         ; 16                                                     ;
;     -- OUTDATA_REG_A                      ; CLOCK0                                                 ;
;     -- WIDTH_B                            ; 1                                                      ;
;     -- NUMWORDS_B                         ; 0                                                      ;
;     -- ADDRESS_REG_B                      ; CLOCK1                                                 ;
;     -- OUTDATA_REG_B                      ; UNREGISTERED                                           ;
;     -- RAM_BLOCK_TYPE                     ; AUTO                                                   ;
;     -- READ_DURING_WRITE_MODE_MIXED_PORTS ; DONT_CARE                                              ;
; Entity Instance                           ; display7_decoder:inst1|altsyncram:altsyncram_component ;
;     -- OPERATION_MODE                     ; ROM                                                    ;
;     -- WIDTH_A                            ; 8                                                      ;
;     -- NUMWORDS_A                         ; 16                                                     ;
;     -- OUTDATA_REG_A                      ; CLOCK0                                                 ;
;     -- WIDTH_B                            ; 1                                                      ;
;     -- NUMWORDS_B                         ; 0                                                      ;
;     -- ADDRESS_REG_B                      ; CLOCK1                                                 ;
;     -- OUTDATA_REG_B                      ; UNREGISTERED                                           ;
;     -- RAM_BLOCK_TYPE                     ; AUTO                                                   ;
;     -- READ_DURING_WRITE_MODE_MIXED_PORTS ; DONT_CARE                                              ;
+-------------------------------------------+--------------------------------------------------------+


+-----------------------------------------------------+
; Post-Synthesis Netlist Statistics for Top Partition ;
+-----------------------+-----------------------------+
; Type                  ; Count                       ;
+-----------------------+-----------------------------+
; boundary_port         ; 35                          ;
; cycloneiii_ff         ; 10                          ;
;     SLD               ; 4                           ;
;     plain             ; 6                           ;
; cycloneiii_lcell_comb ; 30                          ;
;     arith             ; 3                           ;
;         2 data inputs ; 3                           ;
;     normal            ; 27                          ;
;         0 data inputs ; 1                           ;
;         1 data inputs ; 1                           ;
;         2 data inputs ; 3                           ;
;         3 data inputs ; 7                           ;
;         4 data inputs ; 15                          ;
; cycloneiii_ram_block  ; 24                          ;
;                       ;                             ;
; Max LUT depth         ; 3.00                        ;
; Average LUT depth     ; 1.32                        ;
+-----------------------+-----------------------------+


+-------------------------------+
; Elapsed Time Per Partition    ;
+----------------+--------------+
; Partition Name ; Elapsed Time ;
+----------------+--------------+
; Top            ; 00:00:01     ;
+----------------+--------------+


+-------------------------------+
; Analysis & Synthesis Messages ;
+-------------------------------+
Info: *******************************************************************
Info: Running Quartus Prime Analysis & Synthesis
    Info: Version 18.1.0 Build 625 09/12/2018 SJ Lite Edition
    Info: Processing started: Tue May 12 20:13:35 2026
Info: Command: quartus_map --read_settings_files=on --write_settings_files=off robot_line_follower_fsm -c robot_line_follower_fsm
Warning (18236): Number of processors has not been specified which may cause overloading on shared machines.  Set the global assignment NUM_PARALLEL_PROCESSORS in your QSF to an appropriate value for best performance.
Info (20030): Parallel compilation is enabled and will use 2 of the 2 processors detected
Info (12021): Found 2 design units, including 1 entities, in source file robot_line_follower_fsmv2.vhd
    Info (12022): Found design unit 1: robot_line_follower_fsmV2-BEHAVIOR File: C:/Users/otavi/OneDrive/Documentos/Reconfiguravel/robot_line_follower_fsm/robot_line_follower_fsmV2.vhd Line: 38
    Info (12023): Found entity 1: robot_line_follower_fsmV2 File: C:/Users/otavi/OneDrive/Documentos/Reconfiguravel/robot_line_follower_fsm/robot_line_follower_fsmV2.vhd Line: 21
Info (12021): Found 2 design units, including 1 entities, in source file robot_line_follower_fsmv1.vhd
    Info (12022): Found design unit 1: robot_line_follower_fsmV1-BEHAVIOR File: C:/Users/otavi/OneDrive/Documentos/Reconfiguravel/robot_line_follower_fsm/robot_line_follower_fsmV1.vhd Line: 36
    Info (12023): Found entity 1: robot_line_follower_fsmV1 File: C:/Users/otavi/OneDrive/Documentos/Reconfiguravel/robot_line_follower_fsm/robot_line_follower_fsmV1.vhd Line: 21
Info (12021): Found 1 design units, including 1 entities, in source file block_diagram_v2.bdf
    Info (12023): Found entity 1: block_diagram_V2
Info (12021): Found 1 design units, including 1 entities, in source file block_diagram_v1.bdf
    Info (12023): Found entity 1: block_diagram_V1
Info (12021): Found 2 design units, including 1 entities, in source file display7_decoder.vhd
    Info (12022): Found design unit 1: display7_decoder-SYN File: C:/Users/otavi/OneDrive/Documentos/Reconfiguravel/robot_line_follower_fsm/display7_decoder.vhd Line: 52
    Info (12023): Found entity 1: display7_decoder File: C:/Users/otavi/OneDrive/Documentos/Reconfiguravel/robot_line_follower_fsm/display7_decoder.vhd Line: 42
Info (12021): Found 2 design units, including 1 entities, in source file searchtimeoutcounter.vhd
    Info (12022): Found design unit 1: searchtimeoutcounter-SYN File: C:/Users/otavi/OneDrive/Documentos/Reconfiguravel/robot_line_follower_fsm/searchTimeoutCounter.vhd Line: 52
    Info (12023): Found entity 1: searchTimeoutCounter File: C:/Users/otavi/OneDrive/Documentos/Reconfiguravel/robot_line_follower_fsm/searchTimeoutCounter.vhd Line: 42
Info (12021): Found 2 design units, including 1 entities, in source file timeoutcomparator.vhd
    Info (12022): Found design unit 1: timeoutcomparator-SYN File: C:/Users/otavi/OneDrive/Documentos/Reconfiguravel/robot_line_follower_fsm/timeoutComparator.vhd Line: 51
    Info (12023): Found entity 1: timeoutComparator File: C:/Users/otavi/OneDrive/Documentos/Reconfiguravel/robot_line_follower_fsm/timeoutComparator.vhd Line: 42
Info (12127): Elaborating entity "block_diagram_V2" for the top level hierarchy
Warning (275002): No superset bus at connection
Info (12128): Elaborating entity "display7_decoder" for hierarchy "display7_decoder:inst2"
Info (12128): Elaborating entity "altsyncram" for hierarchy "display7_decoder:inst2|altsyncram:altsyncram_component" File: C:/Users/otavi/OneDrive/Documentos/Reconfiguravel/robot_line_follower_fsm/display7_decoder.vhd Line: 59
Info (12130): Elaborated megafunction instantiation "display7_decoder:inst2|altsyncram:altsyncram_component" File: C:/Users/otavi/OneDrive/Documentos/Reconfiguravel/robot_line_follower_fsm/display7_decoder.vhd Line: 59
Info (12133): Instantiated megafunction "display7_decoder:inst2|altsyncram:altsyncram_component" with the following parameter: File: C:/Users/otavi/OneDrive/Documentos/Reconfiguravel/robot_line_follower_fsm/display7_decoder.vhd Line: 59
    Info (12134): Parameter "address_aclr_a" = "NONE"
    Info (12134): Parameter "address_aclr_b" = "NONE"
    Info (12134): Parameter "address_reg_b" = "CLOCK1"
    Info (12134): Parameter "byte_size" = "8"
    Info (12134): Parameter "byteena_aclr_a" = "UNUSED"
    Info (12134): Parameter "byteena_aclr_b" = "NONE"
    Info (12134): Parameter "byteena_reg_b" = "CLOCK1"
    Info (12134): Parameter "clock_enable_core_a" = "USE_INPUT_CLKEN"
    Info (12134): Parameter "clock_enable_core_b" = "USE_INPUT_CLKEN"
    Info (12134): Parameter "clock_enable_input_a" = "BYPASS"
    Info (12134): Parameter "clock_enable_input_b" = "NORMAL"
    Info (12134): Parameter "clock_enable_output_a" = "BYPASS"
    Info (12134): Parameter "clock_enable_output_b" = "NORMAL"
    Info (12134): Parameter "intended_device_family" = "MAX 10"
    Info (12134): Parameter "ecc_pipeline_stage_enabled" = "FALSE"
    Info (12134): Parameter "enable_ecc" = "FALSE"
    Info (12134): Parameter "implement_in_les" = "OFF"
    Info (12134): Parameter "indata_aclr_a" = "UNUSED"
    Info (12134): Parameter "indata_aclr_b" = "NONE"
    Info (12134): Parameter "indata_reg_b" = "CLOCK1"
    Info (12134): Parameter "init_file" = "display7_decoder_memory.mif"
    Info (12134): Parameter "init_file_layout" = "PORT_A"
    Info (12134): Parameter "maximum_depth" = "0"
    Info (12134): Parameter "numwords_a" = "16"
    Info (12134): Parameter "numwords_b" = "0"
    Info (12134): Parameter "operation_mode" = "ROM"
    Info (12134): Parameter "outdata_aclr_a" = "NONE"
    Info (12134): Parameter "outdata_aclr_b" = "NONE"
    Info (12134): Parameter "outdata_reg_a" = "CLOCK0"
    Info (12134): Parameter "outdata_reg_b" = "UNREGISTERED"
    Info (12134): Parameter "power_up_uninitialized" = "FALSE"
    Info (12134): Parameter "ram_block_type" = "AUTO"
    Info (12134): Parameter "rdcontrol_aclr_b" = "NONE"
    Info (12134): Parameter "rdcontrol_reg_b" = "CLOCK1"
    Info (12134): Parameter "read_during_write_mode_mixed_ports" = "DONT_CARE"
    Info (12134): Parameter "read_during_write_mode_port_a" = "NEW_DATA_NO_NBE_READ"
    Info (12134): Parameter "read_during_write_mode_port_b" = "NEW_DATA_NO_NBE_READ"
    Info (12134): Parameter "stratixiv_m144k_allow_dual_clocks" = "ON"
    Info (12134): Parameter "width_a" = "8"
    Info (12134): Parameter "width_b" = "1"
    Info (12134): Parameter "width_byteena_a" = "1"
    Info (12134): Parameter "width_byteena_b" = "1"
    Info (12134): Parameter "width_eccstatus" = "3"
    Info (12134): Parameter "widthad_a" = "4"
    Info (12134): Parameter "widthad_b" = "1"
    Info (12134): Parameter "wrcontrol_aclr_a" = "UNUSED"
    Info (12134): Parameter "wrcontrol_aclr_b" = "NONE"
    Info (12134): Parameter "wrcontrol_wraddress_reg_b" = "CLOCK1"
    Info (12134): Parameter "lpm_hint" = "ENABLE_RUNTIME_MOD=NO"
    Info (12134): Parameter "lpm_type" = "altsyncram"
Info (12021): Found 1 design units, including 1 entities, in source file db/altsyncram_96s3.tdf
    Info (12023): Found entity 1: altsyncram_96s3 File: C:/Users/otavi/OneDrive/Documentos/Reconfiguravel/robot_line_follower_fsm/db/altsyncram_96s3.tdf Line: 27
Info (12128): Elaborating entity "altsyncram_96s3" for hierarchy "display7_decoder:inst2|altsyncram:altsyncram_component|altsyncram_96s3:auto_generated" File: c:/intelfpga_lite/18.1/quartus/libraries/megafunctions/altsyncram.tdf Line: 791
Info (12128): Elaborating entity "robot_line_follower_fsmV2" for hierarchy "robot_line_follower_fsmV2:inst"
Info (12128): Elaborating entity "timeoutComparator" for hierarchy "timeoutComparator:inst9"
Info (12128): Elaborating entity "lpm_compare" for hierarchy "timeoutComparator:inst9|lpm_compare:LPM_COMPARE_component" File: C:/Users/otavi/OneDrive/Documentos/Reconfiguravel/robot_line_follower_fsm/timeoutComparator.vhd Line: 78
Info (12130): Elaborated megafunction instantiation "timeoutComparator:inst9|lpm_compare:LPM_COMPARE_component" File: C:/Users/otavi/OneDrive/Documentos/Reconfiguravel/robot_line_follower_fsm/timeoutComparator.vhd Line: 78
Info (12133): Instantiated megafunction "timeoutComparator:inst9|lpm_compare:LPM_COMPARE_component" with the following parameter: File: C:/Users/otavi/OneDrive/Documentos/Reconfiguravel/robot_line_follower_fsm/timeoutComparator.vhd Line: 78
    Info (12134): Parameter "lpm_hint" = "ONE_INPUT_IS_CONSTANT=YES"
    Info (12134): Parameter "lpm_representation" = "UNSIGNED"
    Info (12134): Parameter "lpm_type" = "LPM_COMPARE"
    Info (12134): Parameter "lpm_width" = "4"
Info (12021): Found 1 design units, including 1 entities, in source file db/cmpr_omi.tdf
    Info (12023): Found entity 1: cmpr_omi File: C:/Users/otavi/OneDrive/Documentos/Reconfiguravel/robot_line_follower_fsm/db/cmpr_omi.tdf Line: 22
Info (12128): Elaborating entity "cmpr_omi" for hierarchy "timeoutComparator:inst9|lpm_compare:LPM_COMPARE_component|cmpr_omi:auto_generated" File: c:/intelfpga_lite/18.1/quartus/libraries/megafunctions/lpm_compare.tdf Line: 280
Info (12128): Elaborating entity "searchTimeoutCounter" for hierarchy "searchTimeoutCounter:inst8"
Info (12128): Elaborating entity "lpm_counter" for hierarchy "searchTimeoutCounter:inst8|lpm_counter:LPM_COUNTER_component" File: C:/Users/otavi/OneDrive/Documentos/Reconfiguravel/robot_line_follower_fsm/searchTimeoutCounter.vhd Line: 75
Info (12130): Elaborated megafunction instantiation "searchTimeoutCounter:inst8|lpm_counter:LPM_COUNTER_component" File: C:/Users/otavi/OneDrive/Documentos/Reconfiguravel/robot_line_follower_fsm/searchTimeoutCounter.vhd Line: 75
Info (12133): Instantiated megafunction "searchTimeoutCounter:inst8|lpm_counter:LPM_COUNTER_component" with the following parameter: File: C:/Users/otavi/OneDrive/Documentos/Reconfiguravel/robot_line_follower_fsm/searchTimeoutCounter.vhd Line: 75
    Info (12134): Parameter "lpm_direction" = "UP"
    Info (12134): Parameter "lpm_port_updown" = "PORT_UNUSED"
    Info (12134): Parameter "lpm_type" = "LPM_COUNTER"
    Info (12134): Parameter "lpm_width" = "4"
Info (12021): Found 1 design units, including 1 entities, in source file db/cntr_kih.tdf
    Info (12023): Found entity 1: cntr_kih File: C:/Users/otavi/OneDrive/Documentos/Reconfiguravel/robot_line_follower_fsm/db/cntr_kih.tdf Line: 25
Info (12128): Elaborating entity "cntr_kih" for hierarchy "searchTimeoutCounter:inst8|lpm_counter:LPM_COUNTER_component|cntr_kih:auto_generated" File: c:/intelfpga_lite/18.1/quartus/libraries/megafunctions/lpm_counter.tdf Line: 258
Warning (12125): Using design file clock_divider.vhd, which is not specified as a design file for the current project, but contains definitions for 2 design units and 1 entities in project
    Info (12022): Found design unit 1: clock_divider-SYN File: C:/Users/otavi/OneDrive/Documentos/Reconfiguravel/robot_line_follower_fsm/clock_divider.vhd Line: 51
    Info (12023): Found entity 1: clock_divider File: C:/Users/otavi/OneDrive/Documentos/Reconfiguravel/robot_line_follower_fsm/clock_divider.vhd Line: 42
Info (12128): Elaborating entity "clock_divider" for hierarchy "clock_divider:inst5"
Info (12128): Elaborating entity "lpm_counter" for hierarchy "clock_divider:inst5|lpm_counter:LPM_COUNTER_component" File: C:/Users/otavi/OneDrive/Documentos/Reconfiguravel/robot_line_follower_fsm/clock_divider.vhd Line: 73
Info (12130): Elaborated megafunction instantiation "clock_divider:inst5|lpm_counter:LPM_COUNTER_component" File: C:/Users/otavi/OneDrive/Documentos/Reconfiguravel/robot_line_follower_fsm/clock_divider.vhd Line: 73
Info (12133): Instantiated megafunction "clock_divider:inst5|lpm_counter:LPM_COUNTER_component" with the following parameter: File: C:/Users/otavi/OneDrive/Documentos/Reconfiguravel/robot_line_follower_fsm/clock_divider.vhd Line: 73
    Info (12134): Parameter "lpm_direction" = "UP"
    Info (12134): Parameter "lpm_port_updown" = "PORT_UNUSED"
    Info (12134): Parameter "lpm_type" = "LPM_COUNTER"
    Info (12134): Parameter "lpm_width" = "9"
Info (12021): Found 1 design units, including 1 entities, in source file db/cntr_54h.tdf
    Info (12023): Found entity 1: cntr_54h File: C:/Users/otavi/OneDrive/Documentos/Reconfiguravel/robot_line_follower_fsm/db/cntr_54h.tdf Line: 25
Info (12128): Elaborating entity "cntr_54h" for hierarchy "clock_divider:inst5|lpm_counter:LPM_COUNTER_component|cntr_54h:auto_generated" File: c:/intelfpga_lite/18.1/quartus/libraries/megafunctions/lpm_counter.tdf Line: 258
Info (286030): Timing-Driven Synthesis is running
Info (17049): 9 registers lost all their fanouts during netlist optimizations.
Info (17036): Removed 2 MSB VCC or GND address nodes from RAM block "display7_decoder:inst2|altsyncram:altsyncram_component|altsyncram_96s3:auto_generated|ALTSYNCRAM" File: C:/Users/otavi/OneDrive/Documentos/Reconfiguravel/robot_line_follower_fsm/db/altsyncram_96s3.tdf Line: 31
Info (17036): Removed 1 MSB VCC or GND address nodes from RAM block "display7_decoder:inst3|altsyncram:altsyncram_component|altsyncram_96s3:auto_generated|ALTSYNCRAM" File: C:/Users/otavi/OneDrive/Documentos/Reconfiguravel/robot_line_follower_fsm/db/altsyncram_96s3.tdf Line: 31
Info (17036): Removed 2 MSB VCC or GND address nodes from RAM block "display7_decoder:inst1|altsyncram:altsyncram_component|altsyncram_96s3:auto_generated|ALTSYNCRAM" File: C:/Users/otavi/OneDrive/Documentos/Reconfiguravel/robot_line_follower_fsm/db/altsyncram_96s3.tdf Line: 31
Warning (20013): Ignored 24 assignments for entity "DE10_LITE_Default" -- entity does not exist in design
    Warning (20014): Assignment for entity set_instance_assignment -name PARTITION_HIERARCHY root_partition -to | -entity DE10_LITE_Default -section_id Top was ignored
    Warning (20014): Assignment for entity set_global_assignment -name PARTITION_NETLIST_TYPE SOURCE -entity DE10_LITE_Default -section_id Top was ignored
    Warning (20014): Assignment for entity set_global_assignment -name PARTITION_FITTER_PRESERVATION_LEVEL PLACEMENT_AND_ROUTING -entity DE10_LITE_Default -section_id Top was ignored
    Warning (20014): Assignment for entity set_global_assignment -name PARTITION_PRESERVE_HIGH_SPEED_TILES ON -entity DE10_LITE_Default -section_id Top was ignored
    Warning (20014): Assignment for entity set_global_assignment -name PARTITION_IGNORE_SOURCE_FILE_CHANGES OFF -entity DE10_LITE_Default -section_id Top was ignored
    Warning (20014): Assignment for entity set_global_assignment -name PARTITION_ALWAYS_USE_QXP_NETLIST OFF -entity DE10_LITE_Default -section_id Top was ignored
    Warning (20014): Assignment for entity set_global_assignment -name PARTITION_COLOR 16764057 -entity DE10_LITE_Default -section_id Top was ignored
    Warning (20014): Assignment for entity set_global_assignment -name PARTITION_IMPORT_ASSIGNMENTS ON -entity DE10_LITE_Default -section_id Top was ignored
    Warning (20014): Assignment for entity set_global_assignment -name PARTITION_IMPORT_EXISTING_ASSIGNMENTS REPLACE_CONFLICTING -entity DE10_LITE_Default -section_id Top was ignored
    Warning (20014): Assignment for entity set_global_assignment -name PARTITION_IMPORT_EXISTING_LOGICLOCK_REGIONS UPDATE_CONFLICTING -entity DE10_LITE_Default -section_id Top was ignored
    Warning (20014): Assignment for entity set_global_assignment -name PARTITION_IMPORT_PIN_ASSIGNMENTS ON -entity DE10_LITE_Default -section_id Top was ignored
    Warning (20014): Assignment for entity set_global_assignment -name PARTITION_IMPORT_PROMOTE_ASSIGNMENTS ON -entity DE10_LITE_Default -section_id Top was ignored
    Warning (20014): Assignment for entity set_global_assignment -name PARTITION_TYPE STANDARD_PARTITION -entity DE10_LITE_Default -section_id Top was ignored
    Warning (20014): Assignment for entity set_global_assignment -name ALLOW_MULTIPLE_PERSONAS OFF -entity DE10_LITE_Default -section_id Top was ignored
    Warning (20014): Assignment for entity set_global_assignment -name PARTITION_ASD_REGION_ID 1 -entity DE10_LITE_Default -section_id Top was ignored
    Warning (20014): Assignment for entity set_global_assignment -name CROSS_BOUNDARY_OPTIMIZATIONS OFF -entity DE10_LITE_Default -section_id Top was ignored
    Warning (20014): Assignment for entity set_global_assignment -name PROPAGATE_CONSTANTS_ON_INPUTS ON -entity DE10_LITE_Default -section_id Top was ignored
    Warning (20014): Assignment for entity set_global_assignment -name PROPAGATE_INVERSIONS_ON_INPUTS ON -entity DE10_LITE_Default -section_id Top was ignored
    Warning (20014): Assignment for entity set_global_assignment -name REMOVE_LOGIC_ON_UNCONNECTED_OUTPUTS ON -entity DE10_LITE_Default -section_id Top was ignored
    Warning (20014): Assignment for entity set_global_assignment -name MERGE_EQUIVALENT_INPUTS ON -entity DE10_LITE_Default -section_id Top was ignored
    Warning (20014): Assignment for entity set_global_assignment -name MERGE_EQUIVALENT_BIDIRS ON -entity DE10_LITE_Default -section_id Top was ignored
    Warning (20014): Assignment for entity set_global_assignment -name ABSORB_PATHS_FROM_OUTPUTS_TO_INPUTS ON -entity DE10_LITE_Default -section_id Top was ignored
    Warning (20014): Assignment for entity set_global_assignment -name PARTITION_EXTRACT_HARD_BLOCK_NODES ON -entity DE10_LITE_Default -section_id Top was ignored
    Warning (20014): Assignment for entity set_global_assignment -name PARTITION_ENABLE_STRICT_PRESERVATION OFF -entity DE10_LITE_Default -section_id Top was ignored
Info (16010): Generating hard_block partition "hard_block:auto_generated_inst"
    Info (16011): Adding 0 node(s), including 0 DDIO, 0 PLL, 0 transceiver and 0 LCELL
Warning (15400): WYSIWYG primitive "display7_decoder:inst2|altsyncram:altsyncram_component|altsyncram_96s3:auto_generated|ram_block1a7" has a port clk0 that is stuck at VCC File: C:/Users/otavi/OneDrive/Documentos/Reconfiguravel/robot_line_follower_fsm/db/altsyncram_96s3.tdf Line: 31
Warning (15400): WYSIWYG primitive "display7_decoder:inst2|altsyncram:altsyncram_component|altsyncram_96s3:auto_generated|ram_block1a6" has a port clk0 that is stuck at VCC File: C:/Users/otavi/OneDrive/Documentos/Reconfiguravel/robot_line_follower_fsm/db/altsyncram_96s3.tdf Line: 31
Warning (15400): WYSIWYG primitive "display7_decoder:inst2|altsyncram:altsyncram_component|altsyncram_96s3:auto_generated|ram_block1a5" has a port clk0 that is stuck at VCC File: C:/Users/otavi/OneDrive/Documentos/Reconfiguravel/robot_line_follower_fsm/db/altsyncram_96s3.tdf Line: 31
Warning (15400): WYSIWYG primitive "display7_decoder:inst2|altsyncram:altsyncram_component|altsyncram_96s3:auto_generated|ram_block1a4" has a port clk0 that is stuck at VCC File: C:/Users/otavi/OneDrive/Documentos/Reconfiguravel/robot_line_follower_fsm/db/altsyncram_96s3.tdf Line: 31
Warning (15400): WYSIWYG primitive "display7_decoder:inst2|altsyncram:altsyncram_component|altsyncram_96s3:auto_generated|ram_block1a3" has a port clk0 that is stuck at VCC File: C:/Users/otavi/OneDrive/Documentos/Reconfiguravel/robot_line_follower_fsm/db/altsyncram_96s3.tdf Line: 31
Warning (15400): WYSIWYG primitive "display7_decoder:inst2|altsyncram:altsyncram_component|altsyncram_96s3:auto_generated|ram_block1a2" has a port clk0 that is stuck at VCC File: C:/Users/otavi/OneDrive/Documentos/Reconfiguravel/robot_line_follower_fsm/db/altsyncram_96s3.tdf Line: 31
Warning (15400): WYSIWYG primitive "display7_decoder:inst2|altsyncram:altsyncram_component|altsyncram_96s3:auto_generated|ram_block1a1" has a port clk0 that is stuck at VCC File: C:/Users/otavi/OneDrive/Documentos/Reconfiguravel/robot_line_follower_fsm/db/altsyncram_96s3.tdf Line: 31
Warning (15400): WYSIWYG primitive "display7_decoder:inst2|altsyncram:altsyncram_component|altsyncram_96s3:auto_generated|ram_block1a0" has a port clk0 that is stuck at VCC File: C:/Users/otavi/OneDrive/Documentos/Reconfiguravel/robot_line_follower_fsm/db/altsyncram_96s3.tdf Line: 31
Warning (15400): WYSIWYG primitive "display7_decoder:inst3|altsyncram:altsyncram_component|altsyncram_96s3:auto_generated|ram_block1a7" has a port clk0 that is stuck at VCC File: C:/Users/otavi/OneDrive/Documentos/Reconfiguravel/robot_line_follower_fsm/db/altsyncram_96s3.tdf Line: 31
Warning (15400): WYSIWYG primitive "display7_decoder:inst3|altsyncram:altsyncram_component|altsyncram_96s3:auto_generated|ram_block1a6" has a port clk0 that is stuck at VCC File: C:/Users/otavi/OneDrive/Documentos/Reconfiguravel/robot_line_follower_fsm/db/altsyncram_96s3.tdf Line: 31
Warning (15400): WYSIWYG primitive "display7_decoder:inst3|altsyncram:altsyncram_component|altsyncram_96s3:auto_generated|ram_block1a5" has a port clk0 that is stuck at VCC File: C:/Users/otavi/OneDrive/Documentos/Reconfiguravel/robot_line_follower_fsm/db/altsyncram_96s3.tdf Line: 31
Warning (15400): WYSIWYG primitive "display7_decoder:inst3|altsyncram:altsyncram_component|altsyncram_96s3:auto_generated|ram_block1a4" has a port clk0 that is stuck at VCC File: C:/Users/otavi/OneDrive/Documentos/Reconfiguravel/robot_line_follower_fsm/db/altsyncram_96s3.tdf Line: 31
Warning (15400): WYSIWYG primitive "display7_decoder:inst3|altsyncram:altsyncram_component|altsyncram_96s3:auto_generated|ram_block1a3" has a port clk0 that is stuck at VCC File: C:/Users/otavi/OneDrive/Documentos/Reconfiguravel/robot_line_follower_fsm/db/altsyncram_96s3.tdf Line: 31
Warning (15400): WYSIWYG primitive "display7_decoder:inst3|altsyncram:altsyncram_component|altsyncram_96s3:auto_generated|ram_block1a2" has a port clk0 that is stuck at VCC File: C:/Users/otavi/OneDrive/Documentos/Reconfiguravel/robot_line_follower_fsm/db/altsyncram_96s3.tdf Line: 31
Warning (15400): WYSIWYG primitive "display7_decoder:inst3|altsyncram:altsyncram_component|altsyncram_96s3:auto_generated|ram_block1a1" has a port clk0 that is stuck at VCC File: C:/Users/otavi/OneDrive/Documentos/Reconfiguravel/robot_line_follower_fsm/db/altsyncram_96s3.tdf Line: 31
Warning (15400): WYSIWYG primitive "display7_decoder:inst3|altsyncram:altsyncram_component|altsyncram_96s3:auto_generated|ram_block1a0" has a port clk0 that is stuck at VCC File: C:/Users/otavi/OneDrive/Documentos/Reconfiguravel/robot_line_follower_fsm/db/altsyncram_96s3.tdf Line: 31
Warning (15400): WYSIWYG primitive "display7_decoder:inst1|altsyncram:altsyncram_component|altsyncram_96s3:auto_generated|ram_block1a7" has a port clk0 that is stuck at VCC File: C:/Users/otavi/OneDrive/Documentos/Reconfiguravel/robot_line_follower_fsm/db/altsyncram_96s3.tdf Line: 31
Warning (15400): WYSIWYG primitive "display7_decoder:inst1|altsyncram:altsyncram_component|altsyncram_96s3:auto_generated|ram_block1a6" has a port clk0 that is stuck at VCC File: C:/Users/otavi/OneDrive/Documentos/Reconfiguravel/robot_line_follower_fsm/db/altsyncram_96s3.tdf Line: 31
Warning (15400): WYSIWYG primitive "display7_decoder:inst1|altsyncram:altsyncram_component|altsyncram_96s3:auto_generated|ram_block1a5" has a port clk0 that is stuck at VCC File: C:/Users/otavi/OneDrive/Documentos/Reconfiguravel/robot_line_follower_fsm/db/altsyncram_96s3.tdf Line: 31
Warning (15400): WYSIWYG primitive "display7_decoder:inst1|altsyncram:altsyncram_component|altsyncram_96s3:auto_generated|ram_block1a4" has a port clk0 that is stuck at VCC File: C:/Users/otavi/OneDrive/Documentos/Reconfiguravel/robot_line_follower_fsm/db/altsyncram_96s3.tdf Line: 31
Warning (15400): WYSIWYG primitive "display7_decoder:inst1|altsyncram:altsyncram_component|altsyncram_96s3:auto_generated|ram_block1a3" has a port clk0 that is stuck at VCC File: C:/Users/otavi/OneDrive/Documentos/Reconfiguravel/robot_line_follower_fsm/db/altsyncram_96s3.tdf Line: 31
Warning (15400): WYSIWYG primitive "display7_decoder:inst1|altsyncram:altsyncram_component|altsyncram_96s3:auto_generated|ram_block1a2" has a port clk0 that is stuck at VCC File: C:/Users/otavi/OneDrive/Documentos/Reconfiguravel/robot_line_follower_fsm/db/altsyncram_96s3.tdf Line: 31
Warning (15400): WYSIWYG primitive "display7_decoder:inst1|altsyncram:altsyncram_component|altsyncram_96s3:auto_generated|ram_block1a1" has a port clk0 that is stuck at VCC File: C:/Users/otavi/OneDrive/Documentos/Reconfiguravel/robot_line_follower_fsm/db/altsyncram_96s3.tdf Line: 31
Warning (15400): WYSIWYG primitive "display7_decoder:inst1|altsyncram:altsyncram_component|altsyncram_96s3:auto_generated|ram_block1a0" has a port clk0 that is stuck at VCC File: C:/Users/otavi/OneDrive/Documentos/Reconfiguravel/robot_line_follower_fsm/db/altsyncram_96s3.tdf Line: 31
Warning (21074): Design contains 1 input pin(s) that do not drive logic
    Warning (15610): No output dependent on input pin "MAX10_CLK1_50"
Info (21057): Implemented 89 device resources after synthesis - the final resource count might be different
    Info (21058): Implemented 5 input pins
    Info (21059): Implemented 30 output pins
    Info (21061): Implemented 30 logic cells
    Info (21064): Implemented 24 RAM segments
Info: Quartus Prime Analysis & Synthesis was successful. 0 errors, 54 warnings
    Info: Peak virtual memory: 4816 megabytes
    Info: Processing ended: Tue May 12 20:14:12 2026
    Info: Elapsed time: 00:00:37
    Info: Total CPU time (on all processors): 00:00:48


